{"C:\\Others\\HackerBay\\backend_task\\api\\server.js": {"path":"C:\\Others\\HackerBay\\backend_task\\api\\server.js","statementMap":{"0":{"start":{"line":1,"column":16},"end":{"line":1,"column":34}},"1":{"start":{"line":2,"column":15},"end":{"line":2,"column":32}},"2":{"start":{"line":3,"column":13},"end":{"line":3,"column":28}},"3":{"start":{"line":5,"column":15},"end":{"line":5,"column":24}},"4":{"start":{"line":7,"column":0},"end":{"line":7,"column":21}},"5":{"start":{"line":8,"column":0},"end":{"line":8,"column":27}},"6":{"start":{"line":9,"column":0},"end":{"line":9,"column":19}},"7":{"start":{"line":11,"column":20},"end":{"line":11,"column":45}},"8":{"start":{"line":13,"column":0},"end":{"line":13,"column":38}},"9":{"start":{"line":15,"column":0},"end":{"line":17,"column":3}},"10":{"start":{"line":16,"column":2},"end":{"line":16,"column":51}},"11":{"start":{"line":19,"column":0},"end":{"line":19,"column":24}}},"fnMap":{"0":{"name":"(anonymous_0)","decl":{"start":{"line":15,"column":16},"end":{"line":15,"column":17}},"loc":{"start":{"line":15,"column":30},"end":{"line":17,"column":1}},"line":15}},"branchMap":{},"s":{"0":2,"1":2,"2":2,"3":2,"4":2,"5":2,"6":2,"7":2,"8":2,"9":2,"10":4,"11":2},"f":{"0":4},"b":{},"_coverageSchema":"43e27e138ebf9cfc5966b082cf9a028302ed4184","hash":"a2481b3bff24c34cd5fa5d2e331b80b33d1a3c96"}
,"C:\\Others\\HackerBay\\backend_task\\middlewares\\generateToken.js": {"path":"C:\\Others\\HackerBay\\backend_task\\middlewares\\generateToken.js","statementMap":{"0":{"start":{"line":1,"column":12},"end":{"line":1,"column":35}},"1":{"start":{"line":2,"column":0},"end":{"line":2,"column":27}},"2":{"start":{"line":5,"column":18},"end":{"line":8,"column":3}},"3":{"start":{"line":9,"column":18},"end":{"line":11,"column":3}},"4":{"start":{"line":12,"column":17},"end":{"line":16,"column":3}},"5":{"start":{"line":18,"column":2},"end":{"line":18,"column":16}},"6":{"start":{"line":21,"column":0},"end":{"line":21,"column":31}}},"fnMap":{"0":{"name":"generateToken","decl":{"start":{"line":4,"column":9},"end":{"line":4,"column":22}},"loc":{"start":{"line":4,"column":29},"end":{"line":19,"column":1}},"line":4}},"branchMap":{},"s":{"0":3,"1":3,"2":2,"3":2,"4":2,"5":2,"6":3},"f":{"0":2},"b":{},"_coverageSchema":"43e27e138ebf9cfc5966b082cf9a028302ed4184","hash":"223b8a360415f170e20de2d5017012414685e0c5"}
,"C:\\Others\\HackerBay\\backend_task\\routes\\user.js": {"path":"C:\\Others\\HackerBay\\backend_task\\routes\\user.js","statementMap":{"0":{"start":{"line":1,"column":15},"end":{"line":1,"column":42}},"1":{"start":{"line":2,"column":22},"end":{"line":2,"column":61}},"2":{"start":{"line":4,"column":0},"end":{"line":20,"column":3}},"3":{"start":{"line":5,"column":33},"end":{"line":5,"column":41}},"4":{"start":{"line":7,"column":2},"end":{"line":19,"column":3}},"5":{"start":{"line":8,"column":18},"end":{"line":11,"column":6}},"6":{"start":{"line":13,"column":4},"end":{"line":16,"column":7}},"7":{"start":{"line":18,"column":4},"end":{"line":18,"column":61}},"8":{"start":{"line":22,"column":0},"end":{"line":22,"column":24}}},"fnMap":{"0":{"name":"(anonymous_0)","decl":{"start":{"line":4,"column":22},"end":{"line":4,"column":23}},"loc":{"start":{"line":4,"column":36},"end":{"line":20,"column":1}},"line":4}},"branchMap":{"0":{"loc":{"start":{"line":7,"column":2},"end":{"line":19,"column":3}},"type":"if","locations":[{"start":{"line":7,"column":2},"end":{"line":19,"column":3}},{"start":{"line":7,"column":2},"end":{"line":19,"column":3}}],"line":7},"1":{"loc":{"start":{"line":7,"column":6},"end":{"line":7,"column":26}},"type":"binary-expr","locations":[{"start":{"line":7,"column":6},"end":{"line":7,"column":14}},{"start":{"line":7,"column":18},"end":{"line":7,"column":26}}],"line":7}},"s":{"0":2,"1":2,"2":2,"3":2,"4":2,"5":1,"6":1,"7":1,"8":2},"f":{"0":2},"b":{"0":[1,1],"1":[2,1]},"_coverageSchema":"43e27e138ebf9cfc5966b082cf9a028302ed4184","hash":"7ab4e2f5dd7d4a2823dbe536b742d0b17b9ed704"}
}
