TN:
SF:C:\Others\HackerBay\backend_task\api\server.js
FN:17,(anonymous_0)
FNF:1
FNH:1
FNDA:4,(anonymous_0)
DA:1,3
DA:2,3
DA:3,3
DA:5,3
DA:7,3
DA:8,3
DA:9,3
DA:11,3
DA:12,3
DA:14,3
DA:15,3
DA:17,3
DA:18,4
DA:21,3
LF:14
LH:14
BRF:0
BRH:0
end_of_record
TN:
SF:C:\Others\HackerBay\backend_task\middlewares\generateToken.js
FN:4,generateToken
FNF:1
FNH:1
FNDA:2,generateToken
DA:1,4
DA:2,4
DA:5,2
DA:9,2
DA:12,2
DA:18,2
DA:21,4
LF:7
LH:7
BRF:0
BRH:0
end_of_record
TN:
SF:C:\Others\HackerBay\backend_task\middlewares\validateToken.js
FN:4,(anonymous_0)
FN:11,(anonymous_1)
FNF:2
FNH:2
FNDA:4,(anonymous_0)
FNDA:3,(anonymous_1)
DA:1,3
DA:2,3
DA:4,3
DA:5,4
DA:7,4
DA:8,3
DA:12,3
DA:13,1
DA:15,2
DA:16,2
DA:21,1
LF:11
LH:11
BRDA:7,0,0,3
BRDA:7,0,1,1
BRDA:12,1,0,1
BRDA:12,1,1,2
BRF:4
BRH:4
end_of_record
TN:
SF:C:\Others\HackerBay\backend_task\routes\jsonpatch.js
FN:11,(anonymous_0)
FNF:1
FNH:1
FNDA:2,(anonymous_0)
DA:2,3
DA:3,3
DA:4,3
DA:5,3
DA:7,3
DA:12,2
DA:13,2
DA:14,1
DA:16,1
DA:17,1
DA:19,1
DA:21,1
DA:25,3
LF:13
LH:13
BRDA:13,0,0,1
BRDA:13,0,1,1
BRF:2
BRH:2
end_of_record
TN:
SF:C:\Others\HackerBay\backend_task\routes\user.js
FN:4,(anonymous_0)
FNF:1
FNH:1
FNDA:3,(anonymous_0)
DA:1,3
DA:2,3
DA:4,3
DA:5,3
DA:7,3
DA:8,1
DA:13,1
DA:18,2
DA:22,3
LF:9
LH:9
BRDA:7,0,0,1
BRDA:7,0,1,2
BRDA:7,1,0,3
BRDA:7,1,1,1
BRF:4
BRH:4
end_of_record
